<?xml version="1.0" encoding="UTF-8"?>
<testsuite xmlns:xsi="http://www.w3.org/2001/XMLSchema-instance" xsi:noNamespaceSchemaLocation="https://maven.apache.org/surefire/maven-surefire-plugin/xsd/surefire-test-report-3.0.xsd" version="3.0" name="teste.somaTeste" time="0.07" tests="1" errors="0" skipped="0" failures="1">
  <properties>
[...]
</properties>
  <testcase name="testeSoma" classname="teste.somaTeste" time="0.008">
    <failure message="expected:&lt;10.0&gt; but was:&lt;15.0&gt;" type="junit.framework.AssertionFailedError"><![CDATA[junit.framework.AssertionFailedError: expected:<10.0> but was:<15.0>
	at teste.somaTeste.testeSoma(somaTeste.java:17)
]]></failure>
  </testcase>
</testsuite>